<?xml version="1.0" encoding="UTF-8"?>
<!-- Generated by org.testng.reporters.JUnitReportReporter -->
<testsuite skipped="0" hostname="AGLS-LT-272" name="com.practice.selenium.DemoforMaven" tests="1" failures="0" timestamp="26 Jan 2021 10:33:58 GMT" time="8.810" errors="0">
  <testcase name="testHello" time="8.810" classname="com.practice.selenium.DemoforMaven"/>
</testsuite> <!-- com.practice.selenium.DemoforMaven -->
