<?xml version="1.0" encoding="UTF-8"?>
<!-- Generated by org.testng.reporters.JUnitReportReporter -->
<testsuite skipped="0" hostname="AGLS-LT-272" name="com.maven.selenium.Maven_Test" tests="1" failures="0" timestamp="27 Jan 2021 03:01:47 GMT" time="8.696" errors="0">
  <testcase name="browser_launch" time="8.696" classname="com.maven.selenium.Maven_Test"/>
</testsuite> <!-- com.maven.selenium.Maven_Test -->
