<?xml version="1.0" encoding="UTF-8"?>
<!-- Generated by org.testng.reporters.JUnitReportReporter -->
<testsuite skipped="0" hostname="AGLS-LT-272" name="testNG_Practice.Test2" tests="1" failures="0" timestamp="21 Jan 2021 08:53:23 GMT" time="0.001" errors="0">
  <testcase name="from_Test" time="0.001" classname="testNG_Practice.Test2"/>
</testsuite> <!-- testNG_Practice.Test2 -->
