<?xml version="1.0" encoding="UTF-8"?>
<!-- Generated by org.testng.reporters.JUnitReportReporter -->
<testsuite skipped="0" hostname="AGLS-LT-272" name="general.Annotations" tests="1" failures="0" timestamp="17 Jan 2021 00:38:49 GMT" time="0.006" errors="0">
  <testcase name="test0" time="0.006" classname="general.Annotations"/>
</testsuite> <!-- general.Annotations -->
