<?xml version="1.0" encoding="UTF-8"?>
<!-- Generated by org.testng.reporters.JUnitReportReporter -->
<testsuite skipped="0" hostname="AGLS-LT-272" name="testNG_Practice.Test6" tests="1" failures="0" timestamp="17 Jan 2021 12:14:54 GMT" time="0.002" errors="0">
  <testcase name="from_Test" time="0.002" classname="testNG_Practice.Test6"/>
</testsuite> <!-- testNG_Practice.Test6 -->
