<?xml version="1.0" encoding="UTF-8"?>
<!-- Generated by org.testng.reporters.JUnitReportReporter -->
<testsuite skipped="0" hostname="AGLS-LT-272" name="excelRead.Read_Excel" tests="1" failures="0" timestamp="09 Jan 2021 01:16:50 GMT" time="0.550" errors="0">
  <testcase name="readExcel" time="0.550" classname="excelRead.Read_Excel"/>
</testsuite> <!-- excelRead.Read_Excel -->
